Logfile initialized
[INFO] logfile = C:\Users\kim\Documents\Titanium_Studio_Workspace\secondstore\build.log
[DEBUG] C:\Users\kim\AppData\Roaming\Titanium\mobilesdk\win32\3.1.3.GA\android\builder.py install secondstore C:\Users\kim\android-sdk C:\Users\kim\Documents\Titanium_Studio_Workspace\secondstore com.alexmany.secondstore 2
[INFO] plugin=C:\Users\kim\AppData\Roaming\Titanium\plugins\ti.alloy\1.0\plugin.py
[INFO] Detected compiler plugin: ti.alloy/1.0
[INFO] Titanium SDK version: 3.1.3 (09/18/13 12:00 222f4d1)
[DEBUG] Waiting for device to be ready ...
[TRACE] adb devices returned 1 devices/emulators
[DEBUG] Device connected... (waited 0 seconds)
[DEBUG] waited 0.013000 seconds on emulator to get ready
[DEBUG] com.alexmany.secondstore installed? False
[INFO] Copying CommonJS modules...
[INFO] Copying project resources..
[INFO] Detected change in tiapp.xml, or assets deleted. Forcing full re-build...
[TRACE] COPYING CREATED FILE: C:\Users\kim\Documents\Titanium_Studio_Workspace\secondstore\Resources\android\alloy\backbone.js => C:\Users\kim\Documents\Titanium_Studio_Workspace\secondstore\build\android\bin\assets\Resources\alloy\backbone.js
[TRACE] COPYING CREATED FILE: C:\Users\kim\Documents\Titanium_Studio_Workspace\secondstore\Resources\android\alloy\CFG.js => C:\Users\kim\Documents\Titanium_Studio_Workspace\secondstore\build\android\bin\assets\Resources\alloy\CFG.js
[TRACE] COPYING CREATED FILE: C:\Users\kim\Documents\Titanium_Studio_Workspace\secondstore\Resources\android\alloy\constants.js => C:\Users\kim\Documents\Titanium_Studio_Workspace\secondstore\build\android\bin\assets\Resources\alloy\constants.js
[TRACE] COPYING CREATED FILE: C:\Users\kim\Documents\Titanium_Studio_Workspace\secondstore\Resources\android\alloy\controllers\addAnunci.js => C:\Users\kim\Documents\Titanium_Studio_Workspace\secondstore\build\android\bin\assets\Resources\alloy\controllers\addAnunci.js
[TRACE] COPYING CREATED FILE: C:\Users\kim\Documents\Titanium_Studio_Workspace\secondstore\Resources\android\alloy\controllers\BaseController.js => C:\Users\kim\Documents\Titanium_Studio_Workspace\secondstore\build\android\bin\assets\Resources\alloy\controllers\BaseController.js
[TRACE] COPYING CREATED FILE: C:\Users\kim\Documents\Titanium_Studio_Workspace\secondstore\Resources\android\alloy\controllers\changeUserData.js => C:\Users\kim\Documents\Titanium_Studio_Workspace\secondstore\build\android\bin\assets\Resources\alloy\controllers\changeUserData.js
[TRACE] COPYING CREATED FILE: C:\Users\kim\Documents\Titanium_Studio_Workspace\secondstore\Resources\android\alloy\controllers\createAccount.js => C:\Users\kim\Documents\Titanium_Studio_Workspace\secondstore\build\android\bin\assets\Resources\alloy\controllers\createAccount.js
[TRACE] COPYING CREATED FILE: C:\Users\kim\Documents\Titanium_Studio_Workspace\secondstore\Resources\android\alloy\controllers\globalRegistre.js => C:\Users\kim\Documents\Titanium_Studio_Workspace\secondstore\build\android\bin\assets\Resources\alloy\controllers\globalRegistre.js
[TRACE] COPYING CREATED FILE: C:\Users\kim\Documents\Titanium_Studio_Workspace\secondstore\Resources\android\alloy\controllers\index.js => C:\Users\kim\Documents\Titanium_Studio_Workspace\secondstore\build\android\bin\assets\Resources\alloy\controllers\index.js
[TRACE] COPYING CREATED FILE: C:\Users\kim\Documents\Titanium_Studio_Workspace\secondstore\Resources\android\alloy\controllers\noInternet.js => C:\Users\kim\Documents\Titanium_Studio_Workspace\secondstore\build\android\bin\assets\Resources\alloy\controllers\noInternet.js
[TRACE] COPYING CREATED FILE: C:\Users\kim\Documents\Titanium_Studio_Workspace\secondstore\Resources\android\alloy\styles\addAnunci.js => C:\Users\kim\Documents\Titanium_Studio_Workspace\secondstore\build\android\bin\assets\Resources\alloy\styles\addAnunci.js
[TRACE] COPYING CREATED FILE: C:\Users\kim\Documents\Titanium_Studio_Workspace\secondstore\Resources\android\alloy\styles\changeUserData.js => C:\Users\kim\Documents\Titanium_Studio_Workspace\secondstore\build\android\bin\assets\Resources\alloy\styles\changeUserData.js
[TRACE] COPYING CREATED FILE: C:\Users\kim\Documents\Titanium_Studio_Workspace\secondstore\Resources\android\alloy\styles\createAccount.js => C:\Users\kim\Documents\Titanium_Studio_Workspace\secondstore\build\android\bin\assets\Resources\alloy\styles\createAccount.js
[TRACE] COPYING CREATED FILE: C:\Users\kim\Documents\Titanium_Studio_Workspace\secondstore\Resources\android\alloy\styles\globalRegistre.js => C:\Users\kim\Documents\Titanium_Studio_Workspace\secondstore\build\android\bin\assets\Resources\alloy\styles\globalRegistre.js
[TRACE] COPYING CREATED FILE: C:\Users\kim\Documents\Titanium_Studio_Workspace\secondstore\Resources\android\alloy\styles\index.js => C:\Users\kim\Documents\Titanium_Studio_Workspace\secondstore\build\android\bin\assets\Resources\alloy\styles\index.js
[TRACE] COPYING CREATED FILE: C:\Users\kim\Documents\Titanium_Studio_Workspace\secondstore\Resources\android\alloy\styles\noInternet.js => C:\Users\kim\Documents\Titanium_Studio_Workspace\secondstore\build\android\bin\assets\Resources\alloy\styles\noInternet.js
[TRACE] COPYING CREATED FILE: C:\Users\kim\Documents\Titanium_Studio_Workspace\secondstore\Resources\android\alloy\sync\localStorage.js => C:\Users\kim\Documents\Titanium_Studio_Workspace\secondstore\build\android\bin\assets\Resources\alloy\sync\localStorage.js
[TRACE] COPYING CREATED FILE: C:\Users\kim\Documents\Titanium_Studio_Workspace\secondstore\Resources\android\alloy\sync\properties.js => C:\Users\kim\Documents\Titanium_Studio_Workspace\secondstore\build\android\bin\assets\Resources\alloy\sync\properties.js
[TRACE] COPYING CREATED FILE: C:\Users\kim\Documents\Titanium_Studio_Workspace\secondstore\Resources\android\alloy\sync\sql.js => C:\Users\kim\Documents\Titanium_Studio_Workspace\secondstore\build\android\bin\assets\Resources\alloy\sync\sql.js
[TRACE] COPYING CREATED FILE: C:\Users\kim\Documents\Titanium_Studio_Workspace\secondstore\Resources\android\alloy\underscore.js => C:\Users\kim\Documents\Titanium_Studio_Workspace\secondstore\build\android\bin\assets\Resources\alloy\underscore.js
[TRACE] COPYING CREATED FILE: C:\Users\kim\Documents\Titanium_Studio_Workspace\secondstore\Resources\android\alloy\widget.js => C:\Users\kim\Documents\Titanium_Studio_Workspace\secondstore\build\android\bin\assets\Resources\alloy\widget.js
[TRACE] COPYING CREATED FILE: C:\Users\kim\Documents\Titanium_Studio_Workspace\secondstore\Resources\android\alloy.js => C:\Users\kim\Documents\Titanium_Studio_Workspace\secondstore\build\android\bin\assets\Resources\alloy.js
[TRACE] COPYING CREATED FILE: C:\Users\kim\Documents\Titanium_Studio_Workspace\secondstore\Resources\android\app.js => C:\Users\kim\Documents\Titanium_Studio_Workspace\secondstore\build\android\bin\assets\Resources\app.js
[TRACE] COPYING CREATED FILE: C:\Users\kim\Documents\Titanium_Studio_Workspace\secondstore\Resources\android\appicon.png => C:\Users\kim\Documents\Titanium_Studio_Workspace\secondstore\build\android\bin\assets\Resources\appicon.png
[TRACE] COPYING CREATED FILE: C:\Users\kim\Documents\Titanium_Studio_Workspace\secondstore\Resources\android\default.png => C:\Users\kim\Documents\Titanium_Studio_Workspace\secondstore\build\android\bin\assets\Resources\default.png
[TRACE] COPYING CREATED FILE: C:\Users\kim\Documents\Titanium_Studio_Workspace\secondstore\Resources\android\js\dataBase.js => C:\Users\kim\Documents\Titanium_Studio_Workspace\secondstore\build\android\bin\assets\Resources\js\dataBase.js
[TRACE] COPYING CREATED FILE: C:\Users\kim\Documents\Titanium_Studio_Workspace\secondstore\Resources\android\js\facebook.js => C:\Users\kim\Documents\Titanium_Studio_Workspace\secondstore\build\android\bin\assets\Resources\js\facebook.js
[TRACE] COPYING CREATED FILE: C:\Users\kim\Documents\Titanium_Studio_Workspace\secondstore\Resources\android\js\md5.js => C:\Users\kim\Documents\Titanium_Studio_Workspace\secondstore\build\android\bin\assets\Resources\js\md5.js
[TRACE] COPYING CREATED FILE: C:\Users\kim\Documents\Titanium_Studio_Workspace\secondstore\Resources\android\js\network.js => C:\Users\kim\Documents\Titanium_Studio_Workspace\secondstore\build\android\bin\assets\Resources\js\network.js
[TRACE] COPYING CREATED FILE: C:\Users\kim\Documents\Titanium_Studio_Workspace\secondstore\Resources\android\js\principal.js => C:\Users\kim\Documents\Titanium_Studio_Workspace\secondstore\build\android\bin\assets\Resources\js\principal.js
[TRACE] COPYING CREATED FILE: C:\Users\kim\Documents\Titanium_Studio_Workspace\secondstore\Resources\android\js\server.js => C:\Users\kim\Documents\Titanium_Studio_Workspace\secondstore\build\android\bin\assets\Resources\js\server.js
[TRACE] COPYING CREATED FILE: C:\Users\kim\Documents\Titanium_Studio_Workspace\secondstore\Resources\android\MarketplaceArtwork.png => C:\Users\kim\Documents\Titanium_Studio_Workspace\secondstore\build\android\bin\assets\Resources\MarketplaceArtwork.png
[DEBUG] LiveView not enabled
[TRACE] Generating Java Classes
[DEBUG] Processing Android resource drawables
[INFO] Copying platform-specific files for 'Facebook' module
[DEBUG] app stylesheet => C:\Users\kim\Documents\Titanium_Studio_Workspace\secondstore\build\android\gen\com\alexmany\secondstore\ApplicationStylesheet.java
[DEBUG] copying app icon: C:\Users\kim\Documents\Titanium_Studio_Workspace\secondstore\build\android\bin\assets\Resources\appicon.png
[DEBUG] generating theme.xml
[DEBUG] found drawable-long-land-hdpi splash screen at C:\Users\kim\Documents\Titanium_Studio_Workspace\secondstore\Resources\android\images\res-long-land-hdpi\default.png
[DEBUG] copying C:\Users\kim\Documents\Titanium_Studio_Workspace\secondstore\Resources\android\images\res-long-land-hdpi\default.png splash screen to C:\Users\kim\Documents\Titanium_Studio_Workspace\secondstore\build\android\res\drawable-long-land-hdpi\background.png
[DEBUG] found drawable-long-land-ldpi splash screen at C:\Users\kim\Documents\Titanium_Studio_Workspace\secondstore\Resources\android\images\res-long-land-ldpi\default.png
[DEBUG] copying C:\Users\kim\Documents\Titanium_Studio_Workspace\secondstore\Resources\android\images\res-long-land-ldpi\default.png splash screen to C:\Users\kim\Documents\Titanium_Studio_Workspace\secondstore\build\android\res\drawable-long-land-ldpi\background.png
[DEBUG] found drawable-long-port-hdpi splash screen at C:\Users\kim\Documents\Titanium_Studio_Workspace\secondstore\Resources\android\images\res-long-port-hdpi\default.png
[DEBUG] copying C:\Users\kim\Documents\Titanium_Studio_Workspace\secondstore\Resources\android\images\res-long-port-hdpi\default.png splash screen to C:\Users\kim\Documents\Titanium_Studio_Workspace\secondstore\build\android\res\drawable-long-port-hdpi\background.png
[DEBUG] found drawable-long-port-ldpi splash screen at C:\Users\kim\Documents\Titanium_Studio_Workspace\secondstore\Resources\android\images\res-long-port-ldpi\default.png
[DEBUG] copying C:\Users\kim\Documents\Titanium_Studio_Workspace\secondstore\Resources\android\images\res-long-port-ldpi\default.png splash screen to C:\Users\kim\Documents\Titanium_Studio_Workspace\secondstore\build\android\res\drawable-long-port-ldpi\background.png
[DEBUG] found drawable-notlong-land-hdpi splash screen at C:\Users\kim\Documents\Titanium_Studio_Workspace\secondstore\Resources\android\images\res-notlong-land-hdpi\default.png
[DEBUG] copying C:\Users\kim\Documents\Titanium_Studio_Workspace\secondstore\Resources\android\images\res-notlong-land-hdpi\default.png splash screen to C:\Users\kim\Documents\Titanium_Studio_Workspace\secondstore\build\android\res\drawable-notlong-land-hdpi\background.png
[DEBUG] found drawable-notlong-land-ldpi splash screen at C:\Users\kim\Documents\Titanium_Studio_Workspace\secondstore\Resources\android\images\res-notlong-land-ldpi\default.png
[DEBUG] copying C:\Users\kim\Documents\Titanium_Studio_Workspace\secondstore\Resources\android\images\res-notlong-land-ldpi\default.png splash screen to C:\Users\kim\Documents\Titanium_Studio_Workspace\secondstore\build\android\res\drawable-notlong-land-ldpi\background.png
[DEBUG] found drawable-notlong-land-mdpi splash screen at C:\Users\kim\Documents\Titanium_Studio_Workspace\secondstore\Resources\android\images\res-notlong-land-mdpi\default.png
[DEBUG] copying C:\Users\kim\Documents\Titanium_Studio_Workspace\secondstore\Resources\android\images\res-notlong-land-mdpi\default.png splash screen to C:\Users\kim\Documents\Titanium_Studio_Workspace\secondstore\build\android\res\drawable-notlong-land-mdpi\background.png
[DEBUG] found drawable-notlong-port-hdpi splash screen at C:\Users\kim\Documents\Titanium_Studio_Workspace\secondstore\Resources\android\images\res-notlong-port-hdpi\default.png
[DEBUG] copying C:\Users\kim\Documents\Titanium_Studio_Workspace\secondstore\Resources\android\images\res-notlong-port-hdpi\default.png splash screen to C:\Users\kim\Documents\Titanium_Studio_Workspace\secondstore\build\android\res\drawable-notlong-port-hdpi\background.png
[DEBUG] found drawable-notlong-port-ldpi splash screen at C:\Users\kim\Documents\Titanium_Studio_Workspace\secondstore\Resources\android\images\res-notlong-port-ldpi\default.png
[DEBUG] copying C:\Users\kim\Documents\Titanium_Studio_Workspace\secondstore\Resources\android\images\res-notlong-port-ldpi\default.png splash screen to C:\Users\kim\Documents\Titanium_Studio_Workspace\secondstore\build\android\res\drawable-notlong-port-ldpi\background.png
[DEBUG] found drawable-notlong-port-mdpi splash screen at C:\Users\kim\Documents\Titanium_Studio_Workspace\secondstore\Resources\android\images\res-notlong-port-mdpi\default.png
[DEBUG] copying C:\Users\kim\Documents\Titanium_Studio_Workspace\secondstore\Resources\android\images\res-notlong-port-mdpi\default.png splash screen to C:\Users\kim\Documents\Titanium_Studio_Workspace\secondstore\build\android\res\drawable-notlong-port-mdpi\background.png
[DEBUG] found splash screen at C:\Users\kim\Documents\Titanium_Studio_Workspace\secondstore\build\android\bin\assets\Resources\default.png
[DEBUG] Added 'screenSize' to <activity android:configChanges> because targeted api level 16 is >= 13
[TRACE] Writing out AndroidManifest.xml
[DEBUG] adding C:\Users\kim\Documents\Titanium_Studio_Workspace\secondstore\build\android\gen\com\alexmany\secondstore\ApplicationStylesheet.java to javac build list
[DEBUG] adding C:\Users\kim\Documents\Titanium_Studio_Workspace\secondstore\build\android\gen\com\alexmany\secondstore\Manifest.java to javac build list
[DEBUG] adding C:\Users\kim\Documents\Titanium_Studio_Workspace\secondstore\build\android\gen\com\alexmany\secondstore\R.java to javac build list
[DEBUG] adding C:\Users\kim\Documents\Titanium_Studio_Workspace\secondstore\build\android\gen\com\alexmany\secondstore\SecondstoreActivity.java to javac build list
[DEBUG] adding C:\Users\kim\Documents\Titanium_Studio_Workspace\secondstore\build\android\gen\com\alexmany\secondstore\SecondstoreAppInfo.java to javac build list
[DEBUG] adding C:\Users\kim\Documents\Titanium_Studio_Workspace\secondstore\build\android\gen\com\alexmany\secondstore\SecondstoreApplication.java to javac build list
[DEBUG] Building Java Sources: "C:\\Users\\kim\\Documents\\Titanium_Studio_Workspace\\secondstore\\build\\android\\gen\\com\\alexmany\\secondstore\\ApplicationStylesheet.java" "C:\\Users\\kim\\Documents\\Titanium_Studio_Workspace\\secondstore\\build\\android\\gen\\com\\alexmany\\secondstore\\Manifest.java" "C:\\Users\\kim\\Documents\\Titanium_Studio_Workspace\\secondstore\\build\\android\\gen\\com\\alexmany\\secondstore\\R.java" "C:\\Users\\kim\\Documents\\Titanium_Studio_Workspace\\secondstore\\build\\android\\gen\\com\\alexmany\\secondstore\\SecondstoreActivity.java" "C:\\Users\\kim\\Documents\\Titanium_Studio_Workspace\\secondstore\\build\\android\\gen\\com\\alexmany\\secondstore\\SecondstoreAppInfo.java" "C:\\Users\\kim\\Documents\\Titanium_Studio_Workspace\\secondstore\\build\\android\\gen\\com\\alexmany\\secondstore\\SecondstoreApplication.java"
[INFO] Compiling Android Resources... This could take some time
[DEBUG] Android classes.dex built
[DEBUG] creating unsigned apk: C:\Users\kim\Documents\Titanium_Studio_Workspace\secondstore\build\android\bin\app-unsigned.apk
[DEBUG] from resource zip => assets/Resources/alloy/controllers/BaseController.js
[DEBUG] from resource zip => assets/Resources/alloy/controllers/addAnunci.js
[DEBUG] from resource zip => assets/Resources/alloy/controllers/changeUserData.js
[DEBUG] from resource zip => assets/Resources/alloy/controllers/createAccount.js
[DEBUG] from resource zip => assets/Resources/alloy/controllers/globalRegistre.js
[DEBUG] from resource zip => assets/Resources/alloy/controllers/index.js
[DEBUG] from resource zip => assets/Resources/alloy/controllers/noInternet.js
[DEBUG] from resource zip => assets/Resources/alloy/styles/addAnunci.js
[DEBUG] from resource zip => assets/Resources/alloy/styles/changeUserData.js
[DEBUG] from resource zip => assets/Resources/alloy/styles/createAccount.js
[DEBUG] from resource zip => assets/Resources/alloy/styles/globalRegistre.js
[DEBUG] from resource zip => assets/Resources/alloy/styles/index.js
[DEBUG] from resource zip => assets/Resources/alloy/styles/noInternet.js
[DEBUG] from resource zip => assets/Resources/alloy/sync/localStorage.js
[DEBUG] from resource zip => assets/Resources/alloy/sync/properties.js
[DEBUG] from resource zip => assets/Resources/alloy/sync/sql.js
[DEBUG] from resource zip => assets/Resources/alloy/CFG.js
[DEBUG] from resource zip => assets/Resources/alloy/backbone.js
[DEBUG] from resource zip => assets/Resources/alloy/constants.js
[DEBUG] from resource zip => assets/Resources/alloy/underscore.js
[DEBUG] from resource zip => assets/Resources/alloy/widget.js
[DEBUG] from resource zip => assets/Resources/js/dataBase.js
[DEBUG] from resource zip => assets/Resources/js/facebook.js
[DEBUG] from resource zip => assets/Resources/js/md5.js
[DEBUG] from resource zip => assets/Resources/js/network.js
[DEBUG] from resource zip => assets/Resources/js/principal.js
[DEBUG] from resource zip => assets/Resources/js/server.js
[DEBUG] from resource zip => assets/Resources/MarketplaceArtwork.png
[DEBUG] from resource zip => assets/Resources/alloy.js
[DEBUG] from resource zip => assets/Resources/app.js
[DEBUG] from resource zip => assets/Resources/appicon.png
[DEBUG] from resource zip => assets/Resources/default.png
[DEBUG] from resource zip => assets/app.json
[DEBUG] from resource zip => assets/index.json
[DEBUG] from resource zip => res/drawable/appicon.png
[DEBUG] from resource zip => res/drawable/background.png
[DEBUG] from resource zip => res/drawable/btn_check_buttonless_on_64.png
[DEBUG] from resource zip => res/drawable/btn_more_64.png
[DEBUG] from resource zip => res/drawable/com_facebook_button_check.xml
[DEBUG] from resource zip => res/drawable/com_facebook_button_check_off.png
[DEBUG] from resource zip => res/drawable/com_facebook_button_check_on.png
[DEBUG] from resource zip => res/drawable/com_facebook_button_grey_focused.9.png
[DEBUG] from resource zip => res/drawable/com_facebook_button_grey_normal.9.png
[DEBUG] from resource zip => res/drawable/com_facebook_button_grey_pressed.9.png
[DEBUG] from resource zip => res/drawable/com_facebook_close.png
[DEBUG] from resource zip => res/drawable/com_facebook_icon.png
[DEBUG] from resource zip => res/drawable/com_facebook_list_divider.9.png
[DEBUG] from resource zip => res/drawable/com_facebook_list_section_header_background.9.png
[DEBUG] from resource zip => res/drawable/com_facebook_loginbutton_blue.xml
[DEBUG] from resource zip => res/drawable/com_facebook_loginbutton_blue_focused.png
[DEBUG] from resource zip => res/drawable/com_facebook_loginbutton_blue_normal.png
[DEBUG] from resource zip => res/drawable/com_facebook_loginbutton_blue_pressed.png
[DEBUG] from resource zip => res/drawable/com_facebook_loginbutton_silver.xml
[DEBUG] from resource zip => res/drawable/com_facebook_logo.png
[DEBUG] from resource zip => res/drawable/com_facebook_picker_item_background.xml
[DEBUG] from resource zip => res/drawable/com_facebook_picker_list_focused.9.png
[DEBUG] from resource zip => res/drawable/com_facebook_picker_list_longpressed.9.png
[DEBUG] from resource zip => res/drawable/com_facebook_picker_list_pressed.9.png
[DEBUG] from resource zip => res/drawable/com_facebook_picker_list_selector.xml
[DEBUG] from resource zip => res/drawable/com_facebook_picker_list_selector_background_transition.xml
[DEBUG] from resource zip => res/drawable/com_facebook_picker_list_selector_disabled.9.png
[DEBUG] from resource zip => res/drawable/com_facebook_picker_top_button.xml
[DEBUG] from resource zip => res/drawable/com_facebook_place_default_icon.png
[DEBUG] from resource zip => res/drawable/com_facebook_profile_default_icon.png
[DEBUG] from resource zip => res/drawable/com_facebook_profile_picture_blank_portrait.png
[DEBUG] from resource zip => res/drawable/com_facebook_profile_picture_blank_square.png
[DEBUG] from resource zip => res/drawable/com_facebook_top_background.xml
[DEBUG] from resource zip => res/drawable/com_facebook_top_button.xml
[DEBUG] from resource zip => res/drawable/com_facebook_usersettingsfragment_background_gradient.xml
[DEBUG] from resource zip => res/drawable/disclosure_64.png
[DEBUG] from resource zip => res/drawable/titanium_facebook_login.png
[DEBUG] from resource zip => res/drawable/titanium_facebook_login_down.png
[DEBUG] from resource zip => res/drawable/titanium_facebook_login_wide.png
[DEBUG] from resource zip => res/drawable/titanium_facebook_login_wide_down.png
[DEBUG] from resource zip => res/drawable/titanium_facebook_logout.png
[DEBUG] from resource zip => res/drawable/titanium_facebook_logout_down.png
[DEBUG] from resource zip => res/layout/com_facebook_friendpickerfragment.xml
[DEBUG] from resource zip => res/layout/com_facebook_login_activity_layout.xml
[DEBUG] from resource zip => res/layout/com_facebook_picker_activity_circle_row.xml
[DEBUG] from resource zip => res/layout/com_facebook_picker_checkbox.xml
[DEBUG] from resource zip => res/layout/com_facebook_picker_image.xml
[DEBUG] from resource zip => res/layout/com_facebook_picker_list_row.xml
[DEBUG] from resource zip => res/layout/com_facebook_picker_list_section_header.xml
[DEBUG] from resource zip => res/layout/com_facebook_picker_search_box.xml
[DEBUG] from resource zip => res/layout/com_facebook_picker_title_bar.xml
[DEBUG] from resource zip => res/layout/com_facebook_picker_title_bar_stub.xml
[DEBUG] from resource zip => res/layout/com_facebook_placepickerfragment.xml
[DEBUG] from resource zip => res/layout/com_facebook_placepickerfragment_list_row.xml
[DEBUG] from resource zip => res/layout/com_facebook_usersettingsfragment.xml
[DEBUG] from resource zip => res/layout/titanium_tabgroup.xml
[DEBUG] from resource zip => res/layout/titanium_ui_list_header_or_footer.xml
[DEBUG] from resource zip => res/layout/titanium_ui_list_item.xml
[DEBUG] from resource zip => AndroidManifest.xml
[DEBUG] from resource zip => resources.arsc
[DEBUG] from resource zip => res/drawable-hdpi/com_facebook_button_grey_focused.9.png
[DEBUG] from resource zip => res/drawable-hdpi/com_facebook_button_grey_normal.9.png
[DEBUG] from resource zip => res/drawable-hdpi/com_facebook_button_grey_pressed.9.png
[DEBUG] from resource zip => res/drawable-hdpi/com_facebook_close.png
[DEBUG] from resource zip => res/drawable-hdpi/com_facebook_icon.png
[DEBUG] from resource zip => res/drawable-hdpi/com_facebook_loginbutton_blue_focused.png
[DEBUG] from resource zip => res/drawable-hdpi/com_facebook_loginbutton_blue_normal.png
[DEBUG] from resource zip => res/drawable-hdpi/com_facebook_loginbutton_blue_pressed.png
[DEBUG] from resource zip => res/drawable-hdpi/com_facebook_logo.png
[DEBUG] from resource zip => res/drawable-ldpi/com_facebook_close.png
[DEBUG] from resource zip => res/drawable-ldpi/com_facebook_icon.png
[DEBUG] from resource zip => res/drawable-xhdpi/com_facebook_button_grey_focused.9.png
[DEBUG] from resource zip => res/drawable-xhdpi/com_facebook_button_grey_normal.9.png
[DEBUG] from resource zip => res/drawable-xhdpi/com_facebook_button_grey_pressed.9.png
[DEBUG] from resource zip => res/drawable-xhdpi/com_facebook_close.png
[DEBUG] from resource zip => res/drawable-xhdpi/com_facebook_loginbutton_blue_focused.png
[DEBUG] from resource zip => res/drawable-xhdpi/com_facebook_loginbutton_blue_normal.png
[DEBUG] from resource zip => res/drawable-xhdpi/com_facebook_loginbutton_blue_pressed.png
[DEBUG] from resource zip => res/drawable-xhdpi/com_facebook_logo.png
[DEBUG] from resource zip => res/drawable-long-land-hdpi/background.png
[DEBUG] from resource zip => res/drawable-long-land-ldpi/background.png
[DEBUG] from resource zip => res/drawable-long-port-hdpi/background.png
[DEBUG] from resource zip => res/drawable-long-port-ldpi/background.png
[DEBUG] from resource zip => res/drawable-notlong-land-hdpi/background.png
[DEBUG] from resource zip => res/drawable-notlong-land-ldpi/background.png
[DEBUG] from resource zip => res/drawable-notlong-land-mdpi/background.png
[DEBUG] from resource zip => res/drawable-notlong-port-hdpi/background.png
[DEBUG] from resource zip => res/drawable-notlong-port-ldpi/background.png
[DEBUG] from resource zip => res/drawable-notlong-port-mdpi/background.png
[DEBUG] from JAR C:\Users\kim\AppData\Roaming\Titanium\mobilesdk\win32\3.1.3.GA\android\modules\titanium-ui.jar => ti/modules/titanium/ui/widget/webview/binding.js
[DEBUG] from JAR C:\Users\kim\AppData\Roaming\Titanium\mobilesdk\win32\3.1.3.GA\android\modules\titanium-ui.jar => ti/modules/titanium/ui/widget/webview/binding.min.js
[DEBUG] from JAR C:\Users\kim\AppData\Roaming\Titanium\mobilesdk\win32\3.1.3.GA\android\modules\titanium-ui.jar => ti/modules/titanium/ui/widget/webview/json2.js
[DEBUG] from JAR C:\Users\kim\AppData\Roaming\Titanium\mobilesdk\win32\3.1.3.GA\android\modules\titanium-ui.jar => ti/modules/titanium/ui/widget/webview/polling.js
[DEBUG] from JAR C:\Users\kim\AppData\Roaming\Titanium\mobilesdk\win32\3.1.3.GA\android\modules\titanium-ui.jar => ti/modules/titanium/ui/widget/webview/polling.min.js
[DEBUG] from JAR C:\Users\kim\AppData\Roaming\Titanium\mobilesdk\win32\3.1.3.GA\android\titanium.jar => org/appcelerator/titanium/build.properties
[DEBUG] from JAR C:\Users\kim\AppData\Roaming\Titanium\mobilesdk\win32\3.1.3.GA\android\titanium.jar => org/appcelerator/titanium/res/drawable/background.png
[DEBUG] from JAR C:\Users\kim\AppData\Roaming\Titanium\mobilesdk\win32\3.1.3.GA\android\titanium.jar => org/appcelerator/titanium/res/drawable/btn_check_buttonless_on.png
[DEBUG] from JAR C:\Users\kim\AppData\Roaming\Titanium\mobilesdk\win32\3.1.3.GA\android\titanium.jar => org/appcelerator/titanium/res/drawable/btn_check_buttonless_on_18.png
[DEBUG] from JAR C:\Users\kim\AppData\Roaming\Titanium\mobilesdk\win32\3.1.3.GA\android\titanium.jar => org/appcelerator/titanium/res/drawable/btn_check_buttonless_on_48.png
[DEBUG] from JAR C:\Users\kim\AppData\Roaming\Titanium\mobilesdk\win32\3.1.3.GA\android\titanium.jar => org/appcelerator/titanium/res/drawable/btn_check_buttonless_on_64.png
[DEBUG] from JAR C:\Users\kim\AppData\Roaming\Titanium\mobilesdk\win32\3.1.3.GA\android\titanium.jar => org/appcelerator/titanium/res/drawable/btn_more.png
[DEBUG] from JAR C:\Users\kim\AppData\Roaming\Titanium\mobilesdk\win32\3.1.3.GA\android\titanium.jar => org/appcelerator/titanium/res/drawable/btn_more_18.png
[DEBUG] from JAR C:\Users\kim\AppData\Roaming\Titanium\mobilesdk\win32\3.1.3.GA\android\titanium.jar => org/appcelerator/titanium/res/drawable/btn_more_48.png
[DEBUG] from JAR C:\Users\kim\AppData\Roaming\Titanium\mobilesdk\win32\3.1.3.GA\android\titanium.jar => org/appcelerator/titanium/res/drawable/btn_more_64.png
[DEBUG] from JAR C:\Users\kim\AppData\Roaming\Titanium\mobilesdk\win32\3.1.3.GA\android\titanium.jar => org/appcelerator/titanium/res/drawable/btn_picker_normal.9.png
[DEBUG] from JAR C:\Users\kim\AppData\Roaming\Titanium\mobilesdk\win32\3.1.3.GA\android\titanium.jar => org/appcelerator/titanium/res/drawable/btn_picker_pressed.9.png
[DEBUG] from JAR C:\Users\kim\AppData\Roaming\Titanium\mobilesdk\win32\3.1.3.GA\android\titanium.jar => org/appcelerator/titanium/res/drawable/btn_picker_selected.9.png
[DEBUG] from JAR C:\Users\kim\AppData\Roaming\Titanium\mobilesdk\win32\3.1.3.GA\android\titanium.jar => org/appcelerator/titanium/res/drawable/default_icon.png
[DEBUG] from JAR C:\Users\kim\AppData\Roaming\Titanium\mobilesdk\win32\3.1.3.GA\android\titanium.jar => org/appcelerator/titanium/res/drawable/photoDefault.png
[DEBUG] from JAR C:\Users\kim\AppData\Roaming\Titanium\mobilesdk\win32\3.1.3.GA\android\thirdparty.jar => org/apache/Commons-NOTICE.txt
[DEBUG] from JAR C:\Users\kim\AppData\Roaming\Titanium\mobilesdk\win32\3.1.3.GA\android\thirdparty.jar => org/apache/HttpComponents-NOTICE.txt
[DEBUG] from JAR C:\Users\kim\AppData\Roaming\Titanium\mobilesdk\win32\3.1.3.GA\android\thirdparty.jar => org/apache/mime4j-NOTICE.txt
[DEBUG] installing native lib: C:\Users\kim\Documents\Titanium_Studio_Workspace\secondstore\modules\android\com.alexmany.gcm\1.0\libs\armeabi\libcom.alexmany.gcm.so
[DEBUG] installing native lib: C:\Users\kim\Documents\Titanium_Studio_Workspace\secondstore\modules\android\com.alexmany.gcm\1.0\libs\armeabi-v7a\libcom.alexmany.gcm.so
[DEBUG] installing native lib: C:\Users\kim\Documents\Titanium_Studio_Workspace\secondstore\modules\android\com.alexmany.gcm\1.0\libs\x86\libcom.alexmany.gcm.so
[DEBUG] installing native lib: C:\Users\kim\AppData\Roaming\Titanium\modules\android\facebook\3.0.1\libs\armeabi\libfacebook.so
[DEBUG] installing native lib: C:\Users\kim\AppData\Roaming\Titanium\modules\android\facebook\3.0.1\libs\armeabi-v7a\libfacebook.so
[DEBUG] installing native lib: C:\Users\kim\AppData\Roaming\Titanium\modules\android\facebook\3.0.1\libs\x86\libfacebook.so
[DEBUG] installing native SDK libs
[DEBUG] Waiting for device to be ready ...
[TRACE] adb devices returned 1 devices/emulators
[DEBUG] Device connected... (waited 0 seconds)
[DEBUG] waited 0.014000 seconds on emulator to get ready
[INFO] Installing application on device
[INFO] Application installed. Launch from drawer on Home Screen
